2013/11/19 18:05:43 [error] [exception.CDbException] exception 'CDbException' with message 'CDbConnection failed to open the DB connection: SQLSTATE[HY000] [1045] Access denied for user 'sept_user'@'localhost' (using password: YES)' in C:\wamp\yii\framework\db\CDbConnection.php:382
Stack trace:
#0 C:\wamp\yii\framework\db\CDbConnection.php(330): CDbConnection->open()
#1 C:\wamp\yii\framework\db\CDbConnection.php(308): CDbConnection->setActive(true)
#2 C:\wamp\yii\framework\base\CModule.php(387): CDbConnection->init()
#3 C:\wamp\yii\framework\base\CModule.php(103): CModule->getComponent('db')
#4 C:\wamp\yii\framework\gii\generators\model\ModelCode.php(60): CModule->__get('db')
#5 C:\wamp\yii\framework\web\CFormModel.php(39): ModelCode->init()
#6 C:\wamp\yii\framework\gii\CCodeGenerator.php(153): CFormModel->__construct()
#7 C:\wamp\yii\framework\gii\CCodeGenerator.php(63): CCodeGenerator->prepare()
#8 C:\wamp\yii\framework\web\actions\CInlineAction.php(49): CCodeGenerator->actionIndex()
#9 C:\wamp\yii\framework\web\CController.php(308): CInlineAction->runWithParams(Array)
#10 C:\wamp\yii\framework\web\CController.php(286): CController->runAction(Object(CInlineAction))
#11 C:\wamp\yii\framework\web\CController.php(265): CController->runActionWithFilters(Object(CInlineAction), Array)
#12 C:\wamp\yii\framework\web\CWebApplication.php(282): CController->run('index')
#13 C:\wamp\yii\framework\web\CWebApplication.php(141): CWebApplication->runController('gii/model/index')
#14 C:\wamp\yii\framework\base\CApplication.php(180): CWebApplication->processRequest()
#15 C:\wamp\www\wokngo\index.php(13): CApplication->run()
#16 {main}
REQUEST_URI=/wokngo/index.php/gii/model/index
HTTP_REFERER=http://localhost/wokngo/index.php/gii/default/index
---
2013/11/19 18:40:16 [error] [php] include(SoapClient.php): failed to open stream: No such file or directory (C:\wamp\yii\framework\YiiBase.php:427)
Stack trace:
#0 C:\wamp\www\wokngo\protected\controllers\SiteController.php(32): spl_autoload_call()
#1 C:\wamp\yii\framework\web\actions\CInlineAction.php(49): SiteController->actionIndex()
#2 C:\wamp\yii\framework\web\CController.php(308): CInlineAction->runWithParams()
#3 C:\wamp\yii\framework\web\CController.php(286): SiteController->runAction()
#4 C:\wamp\yii\framework\web\CController.php(265): SiteController->runActionWithFilters()
#5 C:\wamp\yii\framework\web\CWebApplication.php(282): SiteController->run()
#6 C:\wamp\yii\framework\web\CWebApplication.php(141): CWebApplication->runController()
#7 C:\wamp\yii\framework\base\CApplication.php(180): CWebApplication->processRequest()
#8 C:\wamp\www\wokngo\index.php(13): CWebApplication->run()
REQUEST_URI=/wokngo/index.php
in C:\wamp\www\wokngo\protected\controllers\SiteController.php (32)
in C:\wamp\www\wokngo\index.php (13)
2013/11/19 18:40:35 [error] [php] include(SoapClient.php): failed to open stream: No such file or directory (C:\wamp\yii\framework\YiiBase.php:427)
Stack trace:
#0 C:\wamp\www\wokngo\protected\controllers\SiteController.php(32): spl_autoload_call()
#1 C:\wamp\yii\framework\web\actions\CInlineAction.php(49): SiteController->actionIndex()
#2 C:\wamp\yii\framework\web\CController.php(308): CInlineAction->runWithParams()
#3 C:\wamp\yii\framework\web\CController.php(286): SiteController->runAction()
#4 C:\wamp\yii\framework\web\CController.php(265): SiteController->runActionWithFilters()
#5 C:\wamp\yii\framework\web\CWebApplication.php(282): SiteController->run()
#6 C:\wamp\yii\framework\web\CWebApplication.php(141): CWebApplication->runController()
#7 C:\wamp\yii\framework\base\CApplication.php(180): CWebApplication->processRequest()
#8 C:\wamp\www\wokngo\index.php(13): CWebApplication->run()
REQUEST_URI=/wokngo/index.php
in C:\wamp\www\wokngo\protected\controllers\SiteController.php (32)
in C:\wamp\www\wokngo\index.php (13)
2013/11/19 18:44:25 [error] [exception.SoapFault] SoapFault exception: [Client] Function ("generateWsdl") is not a valid method for this service in C:\wamp\www\wokngo\protected\controllers\SiteController.php:31
Stack trace:
#0 C:\wamp\www\wokngo\protected\controllers\SiteController.php(31): SoapClient->__call('generateWsdl', Array)
#1 C:\wamp\www\wokngo\protected\controllers\SiteController.php(31): SoapClient->generateWsdl()
#2 C:\wamp\yii\framework\web\actions\CInlineAction.php(49): SiteController->actionIndex()
#3 C:\wamp\yii\framework\web\CController.php(308): CInlineAction->runWithParams(Array)
#4 C:\wamp\yii\framework\web\CController.php(286): CController->runAction(Object(CInlineAction))
#5 C:\wamp\yii\framework\web\CController.php(265): CController->runActionWithFilters(Object(CInlineAction), Array)
#6 C:\wamp\yii\framework\web\CWebApplication.php(282): CController->run('')
#7 C:\wamp\yii\framework\web\CWebApplication.php(141): CWebApplication->runController('')
#8 C:\wamp\yii\framework\base\CApplication.php(180): CWebApplication->processRequest()
#9 C:\wamp\www\wokngo\index.php(13): CApplication->run()
#10 {main}
REQUEST_URI=/wokngo/index.php
---
2013/11/19 18:47:57 [error] [php] Undefined property: SoapClient::$service (C:\wamp\www\wokngo\protected\controllers\SiteController.php:32)
Stack trace:
#0 C:\wamp\yii\framework\web\CController.php(286): SiteController->runAction()
#1 C:\wamp\yii\framework\web\CController.php(265): SiteController->runActionWithFilters()
#2 C:\wamp\yii\framework\web\CWebApplication.php(282): SiteController->run()
#3 C:\wamp\yii\framework\web\CWebApplication.php(141): CWebApplication->runController()
#4 C:\wamp\yii\framework\base\CApplication.php(180): CWebApplication->processRequest()
#5 C:\wamp\www\wokngo\index.php(13): CWebApplication->run()
REQUEST_URI=/wokngo/index.php
in C:\wamp\www\wokngo\protected\controllers\SiteController.php (32)
in C:\wamp\www\wokngo\index.php (13)
2013/11/19 19:11:11 [error] [system.db.CDbCommand] CDbCommand::execute() failed: SQLSTATE[23000]: Integrity constraint violation: 1062 Duplicate entry '1' for key 'PRIMARY'. The SQL statement executed was: INSERT INTO `charity` (`charity_id`, `charity_name`) VALUES (:yp0, :yp1).
in C:\wamp\www\wokngo\protected\controllers\ServiceController.php (23)
in C:\wamp\www\wokngo\index.php (13)
2013/11/19 19:11:11 [error] [application] exception 'CDbException' with message 'CDbCommand failed to execute the SQL statement: SQLSTATE[23000]: Integrity constraint violation: 1062 Duplicate entry '1' for key 'PRIMARY'. The SQL statement executed was: INSERT INTO `charity` (`charity_id`, `charity_name`) VALUES (:yp0, :yp1)' in C:\wamp\yii\framework\db\CDbCommand.php:358
Stack trace:
#0 C:\wamp\yii\framework\db\ar\CActiveRecord.php(1077): CDbCommand->execute()
#1 C:\wamp\yii\framework\db\ar\CActiveRecord.php(806): CActiveRecord->insert(NULL)
#2 C:\wamp\www\wokngo\protected\controllers\ServiceController.php(23): CActiveRecord->save()
#3 [internal function]: ServiceController->addCharity(1, 'test')
#4 C:\wamp\yii\framework\web\services\CWebService.php(190): SoapServer->handle()
#5 C:\wamp\yii\framework\web\services\CWebServiceAction.php(103): CWebService->run()
#6 C:\wamp\yii\framework\web\actions\CAction.php(76): CWebServiceAction->run()
#7 C:\wamp\yii\framework\web\CController.php(308): CAction->runWithParams(Array)
#8 C:\wamp\yii\framework\web\CController.php(286): CController->runAction(Object(CWebServiceAction))
#9 C:\wamp\yii\framework\web\CController.php(265): CController->runActionWithFilters(Object(CWebServiceAction), Array)
#10 C:\wamp\yii\framework\web\CWebApplication.php(282): CController->run('soap')
#11 C:\wamp\yii\framework\web\CWebApplication.php(141): CWebApplication->runController('service/soap')
#12 C:\wamp\yii\framework\base\CApplication.php(180): CWebApplication->processRequest()
#13 C:\wamp\www\wokngo\index.php(13): CApplication->run()
#14 {main}
in C:\wamp\www\wokngo\index.php (13)
2013/11/19 19:11:11 [error] [exception.SoapFault] SoapFault exception: [CDbException] CDbCommand failed to execute the SQL statement: SQLSTATE[23000]: Integrity constraint violation: 1062 Duplicate entry '1' for key 'PRIMARY'. The SQL statement executed was: INSERT INTO `charity` (`charity_id`, `charity_name`) VALUES (:yp0, :yp1) (C:\wamp\yii\framework\db\CDbCommand.php:358)
#0 C:\wamp\yii\framework\db\ar\CActiveRecord.php(1077): CDbCommand->execute()
#1 C:\wamp\yii\framework\db\ar\CActiveRecord.php(806): CActiveRecord->insert(NULL)
#2 C:\wamp\www\wokngo\protected\controllers\ServiceController.php(23): CActiveRecord->save()
#3 [internal function]: ServiceController->addCharity(1, 'test')
#4 C:\wamp\yii\framework\web\services\CWebService.php(190): SoapServer->handle()
#5 C:\wamp\yii\framework\web\services\CWebServiceAction.php(103): CWebService->run()
#6 C:\wamp\yii\framework\web\actions\CAction.php(76): CWebServiceAction->run()
#7 C:\wamp\yii\framework\web\CController.php(308): CAction->runWithParams(Array)
#8 C:\wamp\yii\framework\web\CController.php(286): CController->runAction(Object(CWebServiceAction))
#9 C:\wamp\yii\framework\web\CController.php(265): CController->runActionWithFilters(Object(CWebServiceAction), Array)
#10 C:\wamp\yii\framework\web\CWebApplication.php(282): CController->run('soap')
#11 C:\wamp\yii\framework\web\CWebApplication.php(141): CWebApplication->runController('service/soap')
#12 C:\wamp\yii\framework\base\CApplication.php(180): CWebApplication->processRequest()
#13 C:\wamp\www\wokngo\index.php(13): CApplication->run()
#14 {main} in C:\wamp\www\wokngo\protected\controllers\SiteController.php:31
Stack trace:
#0 C:\wamp\www\wokngo\protected\controllers\SiteController.php(31): SoapClient->__call('addCharity', Array)
#1 C:\wamp\www\wokngo\protected\controllers\SiteController.php(31): SoapClient->addCharity(1, 'test')
#2 C:\wamp\yii\framework\web\actions\CInlineAction.php(49): SiteController->actionIndex()
#3 C:\wamp\yii\framework\web\CController.php(308): CInlineAction->runWithParams(Array)
#4 C:\wamp\yii\framework\web\CController.php(286): CController->runAction(Object(CInlineAction))
#5 C:\wamp\yii\framework\web\CController.php(265): CController->runActionWithFilters(Object(CInlineAction), Array)
#6 C:\wamp\yii\framework\web\CWebApplication.php(282): CController->run('')
#7 C:\wamp\yii\framework\web\CWebApplication.php(141): CWebApplication->runController('')
#8 C:\wamp\yii\framework\base\CApplication.php(180): CWebApplication->processRequest()
#9 C:\wamp\www\wokngo\index.php(13): CApplication->run()
#10 {main}
REQUEST_URI=/wokngo/index.php
---
2013/11/19 19:12:21 [error] [system.db.CDbCommand] CDbCommand::execute() failed: SQLSTATE[23000]: Integrity constraint violation: 1062 Duplicate entry '1' for key 'PRIMARY'. The SQL statement executed was: INSERT INTO `charity` (`charity_id`, `charity_name`) VALUES (:yp0, :yp1).
2013/11/19 19:12:21 [error] [application] exception 'CDbException' with message 'CDbCommand failed to execute the SQL statement: SQLSTATE[23000]: Integrity constraint violation: 1062 Duplicate entry '1' for key 'PRIMARY'' in C:\wamp\yii\framework\db\CDbCommand.php:358
Stack trace:
#0 C:\wamp\yii\framework\db\ar\CActiveRecord.php(1077): CDbCommand->execute()
#1 C:\wamp\yii\framework\db\ar\CActiveRecord.php(806): CActiveRecord->insert(NULL)
#2 C:\wamp\www\wokngo\protected\controllers\ServiceController.php(23): CActiveRecord->save()
#3 [internal function]: ServiceController->addCharity(1, 'test')
#4 C:\wamp\yii\framework\web\services\CWebService.php(190): SoapServer->handle()
#5 C:\wamp\yii\framework\web\services\CWebServiceAction.php(103): CWebService->run()
#6 C:\wamp\yii\framework\web\actions\CAction.php(76): CWebServiceAction->run()
#7 C:\wamp\yii\framework\web\CController.php(308): CAction->runWithParams(Array)
#8 C:\wamp\yii\framework\web\CController.php(286): CController->runAction(Object(CWebServiceAction))
#9 C:\wamp\yii\framework\web\CController.php(265): CController->runActionWithFilters(Object(CWebServiceAction), Array)
#10 C:\wamp\yii\framework\web\CWebApplication.php(282): CController->run('soap')
#11 C:\wamp\yii\framework\web\CWebApplication.php(141): CWebApplication->runController('service/soap')
#12 C:\wamp\yii\framework\base\CApplication.php(180): CWebApplication->processRequest()
#13 C:\wamp\www\wokngo\index.php(9): CApplication->run()
#14 {main}
2013/11/19 19:12:21 [error] [exception.SoapFault] SoapFault exception: [CDbException] CDbCommand failed to execute the SQL statement: SQLSTATE[23000]: Integrity constraint violation: 1062 Duplicate entry '1' for key 'PRIMARY' in C:\wamp\www\wokngo\protected\controllers\SiteController.php:31
Stack trace:
#0 C:\wamp\www\wokngo\protected\controllers\SiteController.php(31): SoapClient->__call('addCharity', Array)
#1 C:\wamp\www\wokngo\protected\controllers\SiteController.php(31): SoapClient->addCharity(1, 'test')
#2 C:\wamp\yii\framework\web\actions\CInlineAction.php(49): SiteController->actionIndex()
#3 C:\wamp\yii\framework\web\CController.php(308): CInlineAction->runWithParams(Array)
#4 C:\wamp\yii\framework\web\CController.php(286): CController->runAction(Object(CInlineAction))
#5 C:\wamp\yii\framework\web\CController.php(265): CController->runActionWithFilters(Object(CInlineAction), Array)
#6 C:\wamp\yii\framework\web\CWebApplication.php(282): CController->run('')
#7 C:\wamp\yii\framework\web\CWebApplication.php(141): CWebApplication->runController('')
#8 C:\wamp\yii\framework\base\CApplication.php(180): CWebApplication->processRequest()
#9 C:\wamp\www\wokngo\index.php(9): CApplication->run()
#10 {main}
REQUEST_URI=/wokngo/index.php
---
2013/11/19 19:12:44 [error] [system.db.CDbCommand] CDbCommand::execute() failed: SQLSTATE[23000]: Integrity constraint violation: 1062 Duplicate entry '1' for key 'PRIMARY'. The SQL statement executed was: INSERT INTO `charity` (`charity_id`, `charity_name`) VALUES (:yp0, :yp1).
2013/11/19 19:12:44 [error] [application] exception 'CDbException' with message 'CDbCommand failed to execute the SQL statement: SQLSTATE[23000]: Integrity constraint violation: 1062 Duplicate entry '1' for key 'PRIMARY'' in C:\wamp\yii\framework\db\CDbCommand.php:358
Stack trace:
#0 C:\wamp\yii\framework\db\ar\CActiveRecord.php(1077): CDbCommand->execute()
#1 C:\wamp\yii\framework\db\ar\CActiveRecord.php(806): CActiveRecord->insert(NULL)
#2 C:\wamp\www\wokngo\protected\controllers\ServiceController.php(23): CActiveRecord->save()
#3 [internal function]: ServiceController->addCharity(1, 'test')
#4 C:\wamp\yii\framework\web\services\CWebService.php(190): SoapServer->handle()
#5 C:\wamp\yii\framework\web\services\CWebServiceAction.php(103): CWebService->run()
#6 C:\wamp\yii\framework\web\actions\CAction.php(76): CWebServiceAction->run()
#7 C:\wamp\yii\framework\web\CController.php(308): CAction->runWithParams(Array)
#8 C:\wamp\yii\framework\web\CController.php(286): CController->runAction(Object(CWebServiceAction))
#9 C:\wamp\yii\framework\web\CController.php(265): CController->runActionWithFilters(Object(CWebServiceAction), Array)
#10 C:\wamp\yii\framework\web\CWebApplication.php(282): CController->run('soap')
#11 C:\wamp\yii\framework\web\CWebApplication.php(141): CWebApplication->runController('service/soap')
#12 C:\wamp\yii\framework\base\CApplication.php(180): CWebApplication->processRequest()
#13 C:\wamp\www\wokngo\index.php(9): CApplication->run()
#14 {main}
2013/11/19 19:12:44 [error] [exception.SoapFault] SoapFault exception: [CDbException] CDbCommand failed to execute the SQL statement: SQLSTATE[23000]: Integrity constraint violation: 1062 Duplicate entry '1' for key 'PRIMARY' in C:\wamp\www\wokngo\protected\controllers\SiteController.php:31
Stack trace:
#0 C:\wamp\www\wokngo\protected\controllers\SiteController.php(31): SoapClient->__call('addCharity', Array)
#1 C:\wamp\www\wokngo\protected\controllers\SiteController.php(31): SoapClient->addCharity(1, 'test')
#2 C:\wamp\yii\framework\web\actions\CInlineAction.php(49): SiteController->actionIndex()
#3 C:\wamp\yii\framework\web\CController.php(308): CInlineAction->runWithParams(Array)
#4 C:\wamp\yii\framework\web\CController.php(286): CController->runAction(Object(CInlineAction))
#5 C:\wamp\yii\framework\web\CController.php(265): CController->runActionWithFilters(Object(CInlineAction), Array)
#6 C:\wamp\yii\framework\web\CWebApplication.php(282): CController->run('')
#7 C:\wamp\yii\framework\web\CWebApplication.php(141): CWebApplication->runController('')
#8 C:\wamp\yii\framework\base\CApplication.php(180): CWebApplication->processRequest()
#9 C:\wamp\www\wokngo\index.php(9): CApplication->run()
#10 {main}
REQUEST_URI=/wokngo/index.php
---
2013/11/19 19:13:13 [error] [system.db.CDbCommand] CDbCommand::execute() failed: SQLSTATE[23000]: Integrity constraint violation: 1062 Duplicate entry '1' for key 'PRIMARY'. The SQL statement executed was: INSERT INTO `charity` (`charity_id`, `charity_name`) VALUES (:yp0, :yp1).
2013/11/19 19:13:13 [error] [application] exception 'CDbException' with message 'CDbCommand failed to execute the SQL statement: SQLSTATE[23000]: Integrity constraint violation: 1062 Duplicate entry '1' for key 'PRIMARY'' in C:\wamp\yii\framework\db\CDbCommand.php:358
Stack trace:
#0 C:\wamp\yii\framework\db\ar\CActiveRecord.php(1077): CDbCommand->execute()
#1 C:\wamp\yii\framework\db\ar\CActiveRecord.php(806): CActiveRecord->insert(NULL)
#2 C:\wamp\www\wokngo\protected\controllers\ServiceController.php(23): CActiveRecord->save()
#3 [internal function]: ServiceController->addCharity(1, 'test')
#4 C:\wamp\yii\framework\web\services\CWebService.php(190): SoapServer->handle()
#5 C:\wamp\yii\framework\web\services\CWebServiceAction.php(103): CWebService->run()
#6 C:\wamp\yii\framework\web\actions\CAction.php(76): CWebServiceAction->run()
#7 C:\wamp\yii\framework\web\CController.php(308): CAction->runWithParams(Array)
#8 C:\wamp\yii\framework\web\CController.php(286): CController->runAction(Object(CWebServiceAction))
#9 C:\wamp\yii\framework\web\CController.php(265): CController->runActionWithFilters(Object(CWebServiceAction), Array)
#10 C:\wamp\yii\framework\web\CWebApplication.php(282): CController->run('soap')
#11 C:\wamp\yii\framework\web\CWebApplication.php(141): CWebApplication->runController('service/soap')
#12 C:\wamp\yii\framework\base\CApplication.php(180): CWebApplication->processRequest()
#13 C:\wamp\www\wokngo\index.php(9): CApplication->run()
#14 {main}
2013/11/19 19:13:13 [error] [exception.SoapFault] SoapFault exception: [CDbException] CDbCommand failed to execute the SQL statement: SQLSTATE[23000]: Integrity constraint violation: 1062 Duplicate entry '1' for key 'PRIMARY' in C:\wamp\www\wokngo\protected\controllers\SiteController.php:31
Stack trace:
#0 C:\wamp\www\wokngo\protected\controllers\SiteController.php(31): SoapClient->__call('addCharity', Array)
#1 C:\wamp\www\wokngo\protected\controllers\SiteController.php(31): SoapClient->addCharity(1, 'test')
#2 C:\wamp\yii\framework\web\actions\CInlineAction.php(49): SiteController->actionIndex()
#3 C:\wamp\yii\framework\web\CController.php(308): CInlineAction->runWithParams(Array)
#4 C:\wamp\yii\framework\web\CController.php(286): CController->runAction(Object(CInlineAction))
#5 C:\wamp\yii\framework\web\CController.php(265): CController->runActionWithFilters(Object(CInlineAction), Array)
#6 C:\wamp\yii\framework\web\CWebApplication.php(282): CController->run('')
#7 C:\wamp\yii\framework\web\CWebApplication.php(141): CWebApplication->runController('')
#8 C:\wamp\yii\framework\base\CApplication.php(180): CWebApplication->processRequest()
#9 C:\wamp\www\wokngo\index.php(9): CApplication->run()
#10 {main}
REQUEST_URI=/wokngo/index.php
---
2013/11/19 19:13:55 [error] [system.db.CDbCommand] CDbCommand::execute() failed: SQLSTATE[23000]: Integrity constraint violation: 1062 Duplicate entry '1' for key 'PRIMARY'. The SQL statement executed was: INSERT INTO `charity` (`charity_id`, `charity_name`) VALUES (:yp0, :yp1).
2013/11/19 19:13:55 [error] [application] exception 'CDbException' with message 'CDbCommand failed to execute the SQL statement: SQLSTATE[23000]: Integrity constraint violation: 1062 Duplicate entry '1' for key 'PRIMARY'' in C:\wamp\yii\framework\db\CDbCommand.php:358
Stack trace:
#0 C:\wamp\yii\framework\db\ar\CActiveRecord.php(1077): CDbCommand->execute()
#1 C:\wamp\yii\framework\db\ar\CActiveRecord.php(806): CActiveRecord->insert(NULL)
#2 C:\wamp\www\wokngo\protected\controllers\ServiceController.php(23): CActiveRecord->save()
#3 [internal function]: ServiceController->addCharity(1, 'test')
#4 C:\wamp\yii\framework\web\services\CWebService.php(190): SoapServer->handle()
#5 C:\wamp\yii\framework\web\services\CWebServiceAction.php(103): CWebService->run()
#6 C:\wamp\yii\framework\web\actions\CAction.php(76): CWebServiceAction->run()
#7 C:\wamp\yii\framework\web\CController.php(308): CAction->runWithParams(Array)
#8 C:\wamp\yii\framework\web\CController.php(286): CController->runAction(Object(CWebServiceAction))
#9 C:\wamp\yii\framework\web\CController.php(265): CController->runActionWithFilters(Object(CWebServiceAction), Array)
#10 C:\wamp\yii\framework\web\CWebApplication.php(282): CController->run('soap')
#11 C:\wamp\yii\framework\web\CWebApplication.php(141): CWebApplication->runController('service/soap')
#12 C:\wamp\yii\framework\base\CApplication.php(180): CWebApplication->processRequest()
#13 C:\wamp\www\wokngo\index.php(9): CApplication->run()
#14 {main}
2013/11/19 19:13:55 [error] [exception.SoapFault] SoapFault exception: [CDbException] CDbCommand failed to execute the SQL statement: SQLSTATE[23000]: Integrity constraint violation: 1062 Duplicate entry '1' for key 'PRIMARY' in C:\wamp\www\wokngo\protected\controllers\SiteController.php:31
Stack trace:
#0 C:\wamp\www\wokngo\protected\controllers\SiteController.php(31): SoapClient->__call('addCharity', Array)
#1 C:\wamp\www\wokngo\protected\controllers\SiteController.php(31): SoapClient->addCharity(1, 'test')
#2 C:\wamp\yii\framework\web\actions\CInlineAction.php(49): SiteController->actionIndex()
#3 C:\wamp\yii\framework\web\CController.php(308): CInlineAction->runWithParams(Array)
#4 C:\wamp\yii\framework\web\CController.php(286): CController->runAction(Object(CInlineAction))
#5 C:\wamp\yii\framework\web\CController.php(265): CController->runActionWithFilters(Object(CInlineAction), Array)
#6 C:\wamp\yii\framework\web\CWebApplication.php(282): CController->run('')
#7 C:\wamp\yii\framework\web\CWebApplication.php(141): CWebApplication->runController('')
#8 C:\wamp\yii\framework\base\CApplication.php(180): CWebApplication->processRequest()
#9 C:\wamp\www\wokngo\index.php(9): CApplication->run()
#10 {main}
REQUEST_URI=/wokngo/index.php
---
2013/11/19 19:20:48 [error] [system.db.CDbCommand] CDbCommand::execute() failed: SQLSTATE[23000]: Integrity constraint violation: 1062 Duplicate entry '1' for key 'PRIMARY'. The SQL statement executed was: INSERT INTO `charity` (`charity_id`, `charity_name`) VALUES (:yp0, :yp1).
2013/11/19 19:20:48 [error] [application] exception 'CDbException' with message 'CDbCommand failed to execute the SQL statement: SQLSTATE[23000]: Integrity constraint violation: 1062 Duplicate entry '1' for key 'PRIMARY'' in C:\wamp\yii\framework\db\CDbCommand.php:358
Stack trace:
#0 C:\wamp\yii\framework\db\ar\CActiveRecord.php(1077): CDbCommand->execute()
#1 C:\wamp\yii\framework\db\ar\CActiveRecord.php(806): CActiveRecord->insert(NULL)
#2 C:\wamp\www\wokngo\protected\controllers\ServiceController.php(27): CActiveRecord->save()
#3 [internal function]: ServiceController->addCharity(1, 'test')
#4 C:\wamp\yii\framework\web\services\CWebService.php(190): SoapServer->handle()
#5 C:\wamp\yii\framework\web\services\CWebServiceAction.php(103): CWebService->run()
#6 C:\wamp\yii\framework\web\actions\CAction.php(76): CWebServiceAction->run()
#7 C:\wamp\yii\framework\web\CController.php(308): CAction->runWithParams(Array)
#8 C:\wamp\yii\framework\web\CController.php(286): CController->runAction(Object(CWebServiceAction))
#9 C:\wamp\yii\framework\web\CController.php(265): CController->runActionWithFilters(Object(CWebServiceAction), Array)
#10 C:\wamp\yii\framework\web\CWebApplication.php(282): CController->run('soap')
#11 C:\wamp\yii\framework\web\CWebApplication.php(141): CWebApplication->runController('service/soap')
#12 C:\wamp\yii\framework\base\CApplication.php(180): CWebApplication->processRequest()
#13 C:\wamp\www\wokngo\index.php(9): CApplication->run()
#14 {main}
2013/11/19 19:20:48 [error] [exception.SoapFault] SoapFault exception: [CDbException] CDbCommand failed to execute the SQL statement: SQLSTATE[23000]: Integrity constraint violation: 1062 Duplicate entry '1' for key 'PRIMARY' in C:\wamp\www\wokngo\protected\controllers\SiteController.php:31
Stack trace:
#0 C:\wamp\www\wokngo\protected\controllers\SiteController.php(31): SoapClient->__call('addCharity', Array)
#1 C:\wamp\www\wokngo\protected\controllers\SiteController.php(31): SoapClient->addCharity(1, 'test')
#2 C:\wamp\yii\framework\web\actions\CInlineAction.php(49): SiteController->actionIndex()
#3 C:\wamp\yii\framework\web\CController.php(308): CInlineAction->runWithParams(Array)
#4 C:\wamp\yii\framework\web\CController.php(286): CController->runAction(Object(CInlineAction))
#5 C:\wamp\yii\framework\web\CController.php(265): CController->runActionWithFilters(Object(CInlineAction), Array)
#6 C:\wamp\yii\framework\web\CWebApplication.php(282): CController->run('')
#7 C:\wamp\yii\framework\web\CWebApplication.php(141): CWebApplication->runController('')
#8 C:\wamp\yii\framework\base\CApplication.php(180): CWebApplication->processRequest()
#9 C:\wamp\www\wokngo\index.php(9): CApplication->run()
#10 {main}
REQUEST_URI=/wokngo/index.php
---
2013/11/19 19:57:32 [error] [system.db.CDbCommand] CDbCommand::execute() failed: SQLSTATE[23000]: Integrity constraint violation: 1452 Cannot add or update a child row: a foreign key constraint fails (`sept_wokngo`.`item`, CONSTRAINT `item_ibfk_1` FOREIGN KEY (`charity_id`) REFERENCES `charity` (`charity_id`)). The SQL statement executed was: INSERT INTO `item` (`item_id`, `charity_id`, `item_name`, `customer_name`, `customer_phone`, `customer_email`, `customer_username`, `customer_password`, `item_ingredients`) VALUES (:yp0, :yp1, :yp2, :yp3, :yp4, :yp5, :yp6, :yp7, :yp8).
2013/11/19 19:57:32 [error] [application] exception 'CDbException' with message 'CDbCommand failed to execute the SQL statement: SQLSTATE[23000]: Integrity constraint violation: 1452 Cannot add or update a child row: a foreign key constraint fails (`sept_wokngo`.`item`, CONSTRAINT `item_ibfk_1` FOREIGN KEY (`charity_id`) REFERENCES `charity` (`charity_id`))' in C:\wamp\yii\framework\db\CDbCommand.php:358
Stack trace:
#0 C:\wamp\yii\framework\db\ar\CActiveRecord.php(1077): CDbCommand->execute()
#1 C:\wamp\yii\framework\db\ar\CActiveRecord.php(806): CActiveRecord->insert(NULL)
#2 C:\wamp\www\wokngo\protected\controllers\ServiceController.php(89): CActiveRecord->save()
#3 [internal function]: ServiceController->addItem(1, 1, 'Ninja Box', 'Khalid Al-Mutaw...', '99811042', 'k@k.com', 'myUsername', 'myPassword', 'Ingredients use...')
#4 C:\wamp\yii\framework\web\services\CWebService.php(190): SoapServer->handle()
#5 C:\wamp\yii\framework\web\services\CWebServiceAction.php(103): CWebService->run()
#6 C:\wamp\yii\framework\web\actions\CAction.php(76): CWebServiceAction->run()
#7 C:\wamp\yii\framework\web\CController.php(308): CAction->runWithParams(Array)
#8 C:\wamp\yii\framework\web\CController.php(286): CController->runAction(Object(CWebServiceAction))
#9 C:\wamp\yii\framework\web\CController.php(265): CController->runActionWithFilters(Object(CWebServiceAction), Array)
#10 C:\wamp\yii\framework\web\CWebApplication.php(282): CController->run('soap')
#11 C:\wamp\yii\framework\web\CWebApplication.php(141): CWebApplication->runController('service/soap')
#12 C:\wamp\yii\framework\base\CApplication.php(180): CWebApplication->processRequest()
#13 C:\wamp\www\wokngo\index.php(9): CApplication->run()
#14 {main}
2013/11/19 19:57:32 [error] [exception.SoapFault] SoapFault exception: [CDbException] CDbCommand failed to execute the SQL statement: SQLSTATE[23000]: Integrity constraint violation: 1452 Cannot add or update a child row: a foreign key constraint fails (`sept_wokngo`.`item`, CONSTRAINT `item_ibfk_1` FOREIGN KEY (`charity_id`) REFERENCES `charity` (`charity_id`)) in C:\wamp\www\wokngo\protected\controllers\SiteController.php:31
Stack trace:
#0 C:\wamp\www\wokngo\protected\controllers\SiteController.php(31): SoapClient->__call('addItem', Array)
#1 C:\wamp\www\wokngo\protected\controllers\SiteController.php(31): SoapClient->addItem(1, 1, 'Ninja Box', 'Khalid Al-Mutaw...', '99811042', 'k@k.com', 'myUsername', 'myPassword', 'Ingredients use...')
#2 C:\wamp\yii\framework\web\actions\CInlineAction.php(49): SiteController->actionIndex()
#3 C:\wamp\yii\framework\web\CController.php(308): CInlineAction->runWithParams(Array)
#4 C:\wamp\yii\framework\web\CController.php(286): CController->runAction(Object(CInlineAction))
#5 C:\wamp\yii\framework\web\CController.php(265): CController->runActionWithFilters(Object(CInlineAction), Array)
#6 C:\wamp\yii\framework\web\CWebApplication.php(282): CController->run('index')
#7 C:\wamp\yii\framework\web\CWebApplication.php(141): CWebApplication->runController('site/index')
#8 C:\wamp\yii\framework\base\CApplication.php(180): CWebApplication->processRequest()
#9 C:\wamp\www\wokngo\index.php(9): CApplication->run()
#10 {main}
REQUEST_URI=/wokngo/index.php/site/index
HTTP_REFERER=http://localhost/wokngo/index.php/site/contact
---
2013/11/19 20:03:58 [error] [system.db.CDbCommand] CDbCommand::execute() failed: SQLSTATE[23000]: Integrity constraint violation: 1062 Duplicate entry '1' for key 'PRIMARY'. The SQL statement executed was: INSERT INTO `item` (`item_id`, `charity_id`, `item_name`, `customer_name`, `customer_phone`, `customer_email`, `customer_username`, `customer_password`, `item_ingredients`) VALUES (:yp0, :yp1, :yp2, :yp3, :yp4, :yp5, :yp6, :yp7, :yp8).
2013/11/19 20:03:58 [error] [application] exception 'CDbException' with message 'CDbCommand failed to execute the SQL statement: SQLSTATE[23000]: Integrity constraint violation: 1062 Duplicate entry '1' for key 'PRIMARY'' in C:\wamp\yii\framework\db\CDbCommand.php:358
Stack trace:
#0 C:\wamp\yii\framework\db\ar\CActiveRecord.php(1077): CDbCommand->execute()
#1 C:\wamp\yii\framework\db\ar\CActiveRecord.php(806): CActiveRecord->insert(NULL)
#2 C:\wamp\www\wokngo\protected\controllers\ServiceController.php(93): CActiveRecord->save()
#3 [internal function]: ServiceController->updateItem(1, 1, 'Ninja Box 2', 'Khalid Al-Mutaw...', '99811042', 'k@k.com', 'myUsername', '5397359', 'Ingredients use...')
#4 C:\wamp\yii\framework\web\services\CWebService.php(190): SoapServer->handle()
#5 C:\wamp\yii\framework\web\services\CWebServiceAction.php(103): CWebService->run()
#6 C:\wamp\yii\framework\web\actions\CAction.php(76): CWebServiceAction->run()
#7 C:\wamp\yii\framework\web\CController.php(308): CAction->runWithParams(Array)
#8 C:\wamp\yii\framework\web\CController.php(286): CController->runAction(Object(CWebServiceAction))
#9 C:\wamp\yii\framework\web\CController.php(265): CController->runActionWithFilters(Object(CWebServiceAction), Array)
#10 C:\wamp\yii\framework\web\CWebApplication.php(282): CController->run('soap')
#11 C:\wamp\yii\framework\web\CWebApplication.php(141): CWebApplication->runController('service/soap')
#12 C:\wamp\yii\framework\base\CApplication.php(180): CWebApplication->processRequest()
#13 C:\wamp\www\wokngo\index.php(9): CApplication->run()
#14 {main}
2013/11/19 20:03:58 [error] [exception.SoapFault] SoapFault exception: [CDbException] CDbCommand failed to execute the SQL statement: SQLSTATE[23000]: Integrity constraint violation: 1062 Duplicate entry '1' for key 'PRIMARY' in C:\wamp\www\wokngo\protected\controllers\SiteController.php:31
Stack trace:
#0 C:\wamp\www\wokngo\protected\controllers\SiteController.php(31): SoapClient->__call('updateItem', Array)
#1 C:\wamp\www\wokngo\protected\controllers\SiteController.php(31): SoapClient->updateItem(1, 1, 'Ninja Box 2', 'Khalid Al-Mutaw...', '99811042', 'k@k.com', 'myUsername', '5397359', 'Ingredients use...')
#2 C:\wamp\yii\framework\web\actions\CInlineAction.php(49): SiteController->actionIndex()
#3 C:\wamp\yii\framework\web\CController.php(308): CInlineAction->runWithParams(Array)
#4 C:\wamp\yii\framework\web\CController.php(286): CController->runAction(Object(CInlineAction))
#5 C:\wamp\yii\framework\web\CController.php(265): CController->runActionWithFilters(Object(CInlineAction), Array)
#6 C:\wamp\yii\framework\web\CWebApplication.php(282): CController->run('index')
#7 C:\wamp\yii\framework\web\CWebApplication.php(141): CWebApplication->runController('site/index')
#8 C:\wamp\yii\framework\base\CApplication.php(180): CWebApplication->processRequest()
#9 C:\wamp\www\wokngo\index.php(9): CApplication->run()
#10 {main}
REQUEST_URI=/wokngo/index.php/site/index
HTTP_REFERER=http://localhost/wokngo/index.php/site/contact
---
2013/11/19 20:06:03 [error] [exception.CHttpException.404] exception 'CHttpException' with message 'The requested page does not exist.' in C:\wamp\www\wokngo\protected\controllers\ItemController.php:157
Stack trace:
#0 C:\wamp\www\wokngo\protected\controllers\ItemController.php(55): ItemController->loadModel('1')
#1 [internal function]: ItemController->actionView('1')
#2 C:\wamp\yii\framework\web\actions\CAction.php(108): ReflectionMethod->invokeArgs(Object(ItemController), Array)
#3 C:\wamp\yii\framework\web\actions\CInlineAction.php(47): CAction->runWithParamsInternal(Object(ItemController), Object(ReflectionMethod), Array)
#4 C:\wamp\yii\framework\web\CController.php(308): CInlineAction->runWithParams(Array)
#5 C:\wamp\yii\framework\web\filters\CFilterChain.php(133): CController->runAction(Object(CInlineAction))
#6 C:\wamp\yii\framework\web\filters\CFilter.php(40): CFilterChain->run()
#7 C:\wamp\yii\framework\web\CController.php(1145): CFilter->filter(Object(CFilterChain))
#8 C:\wamp\yii\framework\web\filters\CInlineFilter.php(58): CController->filterAccessControl(Object(CFilterChain))
#9 C:\wamp\yii\framework\web\filters\CFilterChain.php(130): CInlineFilter->filter(Object(CFilterChain))
#10 C:\wamp\yii\framework\web\CController.php(291): CFilterChain->run()
#11 C:\wamp\yii\framework\web\CController.php(265): CController->runActionWithFilters(Object(CInlineAction), Array)
#12 C:\wamp\yii\framework\web\CWebApplication.php(282): CController->run('view')
#13 C:\wamp\yii\framework\web\CWebApplication.php(141): CWebApplication->runController('item/view')
#14 C:\wamp\yii\framework\base\CApplication.php(180): CWebApplication->processRequest()
#15 C:\wamp\www\wokngo\index.php(9): CApplication->run()
#16 {main}
REQUEST_URI=/wokngo/index.php/item/1
HTTP_REFERER=http://localhost/wokngo/index.php/item/admin
---
2014/02/21 11:13:47 [error] [exception.CHttpException.404] exception 'CHttpException' with message 'Unable to resolve the request "admin".' in C:\wamp\yii\framework\web\CWebApplication.php:286
Stack trace:
#0 C:\wamp\yii\framework\web\CWebApplication.php(141): CWebApplication->runController('admin')
#1 C:\wamp\yii\framework\base\CApplication.php(180): CWebApplication->processRequest()
#2 C:\wamp\www\wokngo\index.php(9): CApplication->run()
#3 {main}
REQUEST_URI=/wokngo/index.php/admin
---
2014/02/21 11:13:49 [error] [exception.CHttpException.404] exception 'CHttpException' with message 'Unable to resolve the request "admin".' in C:\wamp\yii\framework\web\CWebApplication.php:286
Stack trace:
#0 C:\wamp\yii\framework\web\CWebApplication.php(141): CWebApplication->runController('admin')
#1 C:\wamp\yii\framework\base\CApplication.php(180): CWebApplication->processRequest()
#2 C:\wamp\www\wokngo\index.php(9): CApplication->run()
#3 {main}
REQUEST_URI=/wokngo/index.php/admin
---
2014/02/21 11:15:03 [error] [exception.CHttpException.404] exception 'CHttpException' with message 'Unable to resolve the request "admin".' in C:\wamp\yii\framework\web\CWebApplication.php:286
Stack trace:
#0 C:\wamp\yii\framework\web\CWebApplication.php(141): CWebApplication->runController('admin')
#1 C:\wamp\yii\framework\base\CApplication.php(180): CWebApplication->processRequest()
#2 C:\wamp\www\wokngo\index.php(9): CApplication->run()
#3 {main}
REQUEST_URI=/wokngo/index.php/admin
---
2014/02/21 11:15:04 [error] [exception.CHttpException.404] exception 'CHttpException' with message 'Unable to resolve the request "admin".' in C:\wamp\yii\framework\web\CWebApplication.php:286
Stack trace:
#0 C:\wamp\yii\framework\web\CWebApplication.php(141): CWebApplication->runController('admin')
#1 C:\wamp\yii\framework\base\CApplication.php(180): CWebApplication->processRequest()
#2 C:\wamp\www\wokngo\index.php(9): CApplication->run()
#3 {main}
REQUEST_URI=/wokngo/index.php/admin
---
2014/02/21 11:15:04 [error] [exception.CHttpException.404] exception 'CHttpException' with message 'Unable to resolve the request "admin".' in C:\wamp\yii\framework\web\CWebApplication.php:286
Stack trace:
#0 C:\wamp\yii\framework\web\CWebApplication.php(141): CWebApplication->runController('admin')
#1 C:\wamp\yii\framework\base\CApplication.php(180): CWebApplication->processRequest()
#2 C:\wamp\www\wokngo\index.php(9): CApplication->run()
#3 {main}
REQUEST_URI=/wokngo/index.php/admin
---
2014/02/21 11:16:22 [error] [exception.CHttpException.404] exception 'CHttpException' with message 'Unable to resolve the request "admin".' in C:\wamp\yii\framework\web\CWebApplication.php:286
Stack trace:
#0 C:\wamp\yii\framework\web\CWebApplication.php(141): CWebApplication->runController('admin')
#1 C:\wamp\yii\framework\base\CApplication.php(180): CWebApplication->processRequest()
#2 C:\wamp\www\wokngo\index.php(9): CApplication->run()
#3 {main}
REQUEST_URI=/wokngo/index.php/admin
---
2014/02/21 11:16:24 [error] [exception.CHttpException.404] exception 'CHttpException' with message 'Unable to resolve the request "admin".' in C:\wamp\yii\framework\web\CWebApplication.php:286
Stack trace:
#0 C:\wamp\yii\framework\web\CWebApplication.php(141): CWebApplication->runController('admin')
#1 C:\wamp\yii\framework\base\CApplication.php(180): CWebApplication->processRequest()
#2 C:\wamp\www\wokngo\index.php(9): CApplication->run()
#3 {main}
REQUEST_URI=/wokngo/index.php/admin
---
2014/02/21 11:17:15 [error] [exception.CHttpException.404] exception 'CHttpException' with message 'Unable to resolve the request "admin".' in C:\wamp\yii\framework\web\CWebApplication.php:286
Stack trace:
#0 C:\wamp\yii\framework\web\CWebApplication.php(141): CWebApplication->runController('admin')
#1 C:\wamp\yii\framework\base\CApplication.php(180): CWebApplication->processRequest()
#2 C:\wamp\www\wokngo\index.php(9): CApplication->run()
#3 {main}
REQUEST_URI=/wokngo/index.php/admin
---
2014/02/21 11:17:22 [error] [exception.CHttpException.404] exception 'CHttpException' with message 'Unable to resolve the request "admin".' in C:\wamp\yii\framework\web\CWebApplication.php:286
Stack trace:
#0 C:\wamp\yii\framework\web\CWebApplication.php(141): CWebApplication->runController('admin')
#1 C:\wamp\yii\framework\base\CApplication.php(180): CWebApplication->processRequest()
#2 C:\wamp\www\wokngo\index.php(9): CApplication->run()
#3 {main}
REQUEST_URI=/wokngo/index.php/admin
---
